A D/docs////
A D/gss////
A D/images////
A D/includes////
A D/po////
A D/test////
A D/translations////
A D/xmlsitemap////
A D/xmlsitemap_engines////
A D/xmlsitemap_file////
A D/xmlsitemap_helper////
A D/xmlsitemap_menu////
A D/xmlsitemap_node////
A D/xmlsitemap_taxonomy////
A D/xmlsitemap_term////
A D/xmlsitemap_user////
R D/xmlsitemap_user////
R D/xmlsitemap_term////
R D/xmlsitemap_taxonomy////
R D/xmlsitemap_helper////
R D/xmlsitemap_file////
R D/xmlsitemap_engines////
R D/xmlsitemap////
R D/translations////
R D/test////
R D/po////
R D/includes////
R D/gss////
R D/docs////
